Using pre-set license
Built from '2020.3/staging' branch; Version is '2020.3.3f1 (76626098c1c4) revision 7758432'; Using compiler version '192528614'; Build Type 'Release'
OS: 'Windows 10 Home Single Language; OS build 19042.985; Version 2009; 64bit' Language: 'ko' Physical Memory: 7916 MB
BatchMode: 1, IsHumanControllingUs: 0, StartBugReporterOnCrash: 0, Is64bit: 1, IsPro: 0

 COMMAND LINE ARGUMENTS:
D:\Unity_Version\2020.3.3f1\Editor\Unity.exe
-adb2
-batchMode
-noUpm
-name
AssetImportWorker0
-projectPath
C:/Users/zlzls/Desktop/COVID_Project
-logFile
Logs/AssetImportWorker0.log
-srvPort
51868
Successfully changed project path to: C:/Users/zlzls/Desktop/COVID_Project
C:/Users/zlzls/Desktop/COVID_Project
Using Asset Import Pipeline V2.
Refreshing native plugins compatible for Editor in 130.63 ms, found 3 plugins.
Preloading 1 native plugins for Editor in 2.06 ms.
Initialize engine version: 2020.3.3f1 (76626098c1c4)
[Subsystems] Discovering subsystems at path D:/Unity_Version/2020.3.3f1/Editor/Data/Resources/UnitySubsystems
[Subsystems] Discovering subsystems at path C:/Users/zlzls/Desktop/COVID_Project/Assets
GfxDevice: creating device client; threaded=0
Direct3D:
    Version:  Direct3D 11.0 [level 11.1]
    Renderer: Intel(R) Iris(R) Xe Graphics (ID=0x9a49)
    Vendor:   
    VRAM:     3958 MB
    Driver:   27.20.100.8853
Initialize mono
Mono path[0] = 'D:/Unity_Version/2020.3.3f1/Editor/Data/Managed'
Mono path[1] = 'D:/Unity_Version/2020.3.3f1/Editor/Data/MonoBleedingEdge/lib/mono/unityjit'
Mono config path = 'D:/Unity_Version/2020.3.3f1/Editor/Data/MonoBleedingEdge/etc'
Using monoOptions --debugger-agent=transport=dt_socket,embedding=1,server=y,suspend=n,address=127.0.0.1:56236
Begin MonoManager ReloadAssembly
Registering precompiled unity dll's ...
Register platform support module: D:/Unity_Version/2020.3.3f1/Editor/Data/PlaybackEngines/WindowsStandaloneSupport/UnityEditor.WindowsStandalone.Extensions.dll
Registered in 0.002853 seconds.
Native extension for WindowsStandalone target not found
Refreshing native plugins compatible for Editor in 153.47 ms, found 3 plugins.
Preloading 1 native plugins for Editor in 0.42 ms.
Invoked RoslynAnalysisRunner static constructor.
RoslynAnalysisRunner will not be running.
RoslynAnalysisRunner has terminated.
Mono: successfully reloaded assembly
- Completed reload, in  4.416 seconds
Platform modules already initialized, skipping
Registering precompiled user dll's ...
Registered in 0.009986 seconds.
Begin MonoManager ReloadAssembly
Native extension for WindowsStandalone target not found
Refreshing native plugins compatible for Editor in 150.84 ms, found 3 plugins.
Preloading 1 native plugins for Editor in 0.49 ms.
Invoked RoslynAnalysisRunner static constructor.
RoslynAnalysisRunner will not be running.
RoslynAnalysisRunner has terminated.
[XR] OculusXRPlugin: registering subsystems
[XR] Unable to register display lifecyle provider: [1]
[XR] Oculus Input lifecycle provider registered.
[XR] Unable to register input lifecyle provider: [1]
NullReferenceException: Object reference not set to an instance of an object
  at Unity.XR.Oculus.OculusLoader.AssetPathToAbsolutePath (System.String assetPath) [0x00048] in C:\Users\zlzls\Desktop\360COVID_Project\Library\PackageCache\com.unity.xr.oculus@1.8.1\Runtime\OculusLoader.cs:243 
  at Unity.XR.Oculus.OculusLoader.EditorLoadOVRPlugin () [0x0007b] in C:\Users\zlzls\Desktop\360COVID_Project\Library\PackageCache\com.unity.xr.oculus@1.8.1\Runtime\OculusLoader.cs:228 

(Filename: C:/Users/zlzls/Desktop/360COVID_Project/Library/PackageCache/com.unity.xr.oculus@1.8.1/Runtime/OculusLoader.cs Line: 243)

Mono: successfully reloaded assembly
- Completed reload, in  3.858 seconds
Platform modules already initialized, skipping
========================================================================
Worker process is ready to serve import requests
Launched and connected shader compiler UnityShaderCompiler.exe after 0.13 seconds
Refreshing native plugins compatible for Editor in 1.38 ms, found 3 plugins.
Preloading 1 native plugins for Editor in 0.58 ms.
Unloading 1654 Unused Serialized files (Serialized files now loaded: 0)
System memory in use before: 80.3 MB.
System memory in use after: 80.3 MB.

Unloading 13 unused Assets to reduce memory usage. Loaded Objects now: 2100.
Total: 6.887500 ms (FindLiveObjects: 0.265100 ms CreateObjectMapping: 0.075300 ms MarkObjects: 6.354300 ms  DeleteObjects: 0.190300 ms)

========================================================================
Received Prepare
Refreshing native plugins compatible for Editor in 5.10 ms, found 3 plugins.
Preloading 1 native plugins for Editor in 0.52 ms.
Unloading 3 Unused Serialized files (Serialized files now loaded: 0)
System memory in use before: 47.3 MB.
System memory in use after: 47.4 MB.

Unloading 3 unused Assets to reduce memory usage. Loaded Objects now: 2100.
Total: 4.222600 ms (FindLiveObjects: 0.279300 ms CreateObjectMapping: 0.207400 ms MarkObjects: 3.656900 ms  DeleteObjects: 0.077000 ms)

========================================================================
Received Import Request.
  path: ProjectSettings/ProjectSettings.asset
  artifactKey: Guid(00000000000000004000000000000000) Importer(815301076,1909f56bfc062723c751e8b465ee728b)
Start importing ProjectSettings/ProjectSettings.asset using Guid(00000000000000004000000000000000) Importer(815301076,1909f56bfc062723c751e8b465ee728b)  -> (artifact id: '420569f54ed0e09c08b839add0b2dfce') in 0.069921 seconds
  Import took 0.076275 seconds .

========================================================================
Received Prepare
Refreshing native plugins compatible for Editor in 1.70 ms, found 3 plugins.
Preloading 1 native plugins for Editor in 0.19 ms.
Unloading 3 Unused Serialized files (Serialized files now loaded: 0)
System memory in use before: 47.3 MB.
System memory in use after: 47.4 MB.

Unloading 4 unused Assets to reduce memory usage. Loaded Objects now: 2100.
Total: 3.476300 ms (FindLiveObjects: 0.212600 ms CreateObjectMapping: 0.055700 ms MarkObjects: 3.123900 ms  DeleteObjects: 0.081900 ms)

========================================================================
Received Prepare
Refreshing native plugins compatible for Editor in 4.25 ms, found 3 plugins.
Preloading 1 native plugins for Editor in 0.58 ms.
Unloading 3 Unused Serialized files (Serialized files now loaded: 0)
System memory in use before: 47.3 MB.
System memory in use after: 47.4 MB.

Unloading 3 unused Assets to reduce memory usage. Loaded Objects now: 2100.
Total: 12.410800 ms (FindLiveObjects: 1.384100 ms CreateObjectMapping: 0.186700 ms MarkObjects: 10.657500 ms  DeleteObjects: 0.178400 ms)

========================================================================
Received Import Request.
  Time since last request: 1734.637172 seconds.
  path: Assets/02. Scripts/SpawnPoint.cs
  artifactKey: Guid(acf8e7c114967424baffc8d274c0c137) Importer(815301076,1909f56bfc062723c751e8b465ee728b)
Start importing Assets/02. Scripts/SpawnPoint.cs using Guid(acf8e7c114967424baffc8d274c0c137) Importer(815301076,1909f56bfc062723c751e8b465ee728b)  -> (artifact id: '56c3d50c7ad8c32d714da4bad7f47af8') in 0.064604 seconds
  Import took 0.076929 seconds .

========================================================================
Received Prepare
Registering precompiled user dll's ...
Registered in 0.035502 seconds.
Begin MonoManager ReloadAssembly
Native extension for WindowsStandalone target not found
Refreshing native plugins compatible for Editor in 0.64 ms, found 3 plugins.
Preloading 1 native plugins for Editor in 0.29 ms.
Invoked RoslynAnalysisRunner static constructor.
RoslynAnalysisRunner will not be running.
RoslynAnalysisRunner has terminated.
NullReferenceException: Object reference not set to an instance of an object
  at Unity.XR.Oculus.OculusLoader.AssetPathToAbsolutePath (System.String assetPath) [0x00048] in C:\Users\zlzls\Desktop\360COVID_Project\Library\PackageCache\com.unity.xr.oculus@1.8.1\Runtime\OculusLoader.cs:243 
  at Unity.XR.Oculus.OculusLoader.EditorLoadOVRPlugin () [0x0007b] in C:\Users\zlzls\Desktop\360COVID_Project\Library\PackageCache\com.unity.xr.oculus@1.8.1\Runtime\OculusLoader.cs:228 

(Filename: C:/Users/zlzls/Desktop/360COVID_Project/Library/PackageCache/com.unity.xr.oculus@1.8.1/Runtime/OculusLoader.cs Line: 243)

Mono: successfully reloaded assembly
- Completed reload, in  2.721 seconds
Platform modules already initialized, skipping
Switching build target platform(5) subTarget(0) extendedPlatform(0) -> platform(13) subTarget(524294) extendedPlatform(0)
Refreshing native plugins compatible for Editor in 0.87 ms, found 3 plugins.
Preloading 1 native plugins for Editor in 0.36 ms.
Unloading 1639 Unused Serialized files (Serialized files now loaded: 0)
System memory in use before: 79.8 MB.
System memory in use after: 79.8 MB.

Unloading 6 unused Assets to reduce memory usage. Loaded Objects now: 2105.
Total: 2.971600 ms (FindLiveObjects: 0.242400 ms CreateObjectMapping: 0.080800 ms MarkObjects: 2.554600 ms  DeleteObjects: 0.092000 ms)

AssetImportParameters requested are different than current active one (requested -> active):
  custom:graphics/normal-map-encoding: 01000000000000000000000000000000 -> 02000000000000000000000000000000
========================================================================
Received Import Request.
  Time since last request: 65.146678 seconds.
  path: Assets/02. Scripts/Player.cs
  artifactKey: Guid(618973466a2b22648a4c65e90e85520b) Importer(815301076,1909f56bfc062723c751e8b465ee728b)
Start importing Assets/02. Scripts/Player.cs using Guid(618973466a2b22648a4c65e90e85520b) Importer(815301076,1909f56bfc062723c751e8b465ee728b)  -> (artifact id: 'dabb7d4372d7baa57548e6d0eebddf59') in 0.011518 seconds
  Import took 0.018829 seconds .

